<?xml version="1.0" encoding="UTF-8"?>
<!-- Generated by org.testng.reporters.JUnitXMLReporter -->
<testsuite ignored="3" hostname="TYSS-Pushpa" failures="0" tests="1" name="Test" time="0.085" errors="0" timestamp="2022-04-04T23:56:45 IST">
  <testcase classname="Testngworks.Parallel" name="@BeforeMethod setbrowser" time="0.04">
    <failure type="java.lang.IllegalStateException" message="The driver executable does not exist: C:\.driver\chromedriver.exe">
      <![CDATA[java.lang.IllegalStateException: The driver executable does not exist: C:\.driver\chromedriver.exe
at com.google.common.base.Preconditions.checkState(Preconditions.java:585)
at org.openqa.selenium.remote.service.DriverService.checkExecutable(DriverService.java:146)
at org.openqa.selenium.remote.service.DriverService.findExecutable(DriverService.java:141)
at org.openqa.selenium.chrome.ChromeDriverService.access$000(ChromeDriverService.java:35)
at org.openqa.selenium.chrome.ChromeDriverService$Builder.findDefaultExecutable(ChromeDriverService.java:159)
at org.openqa.selenium.remote.service.DriverService$Builder.build(DriverService.java:355)
at org.openqa.selenium.chrome.ChromeDriverService.createDefaultService(ChromeDriverService.java:94)
at org.openqa.selenium.chrome.ChromeDriver.<init>(ChromeDriver.java:123)
at Testngworks.Parallel.setbrowser(Parallel.java:23)
at java.base/java.util.concurrent.ThreadPoolExecutor.runWorker(ThreadPoolExecutor.java:1128)
at java.base/java.util.concurrent.ThreadPoolExecutor$Worker.run(ThreadPoolExecutor.java:628)
at java.base/java.lang.Thread.run(Thread.java:834)
... Removed 16 stack frames]]>
    </failure>
  </testcase> <!-- @BeforeMethod setbrowser -->
  <testcase classname="Testngworks.Parallel" name="@AfterMethod tearDown" time="-1.649096805392E9">
    <skipped/>
  </testcase> <!-- @AfterMethod tearDown -->
  <testcase classname="Testngworks.Parallel" name="register" time="0.0">
    <skipped/>
  </testcase> <!-- register -->
  <testcase classname="Testngworks.Parallel" name="googletitle" time="0.0">
    <ignored/>
  </testcase> <!-- googletitle -->
  <testcase classname="Testngworks.Parallel" name="addBook" time="0.0">
    <ignored/>
  </testcase> <!-- addBook -->
  <testcase classname="Testngworks.Parallel" name="login" time="0.0">
    <ignored/>
  </testcase> <!-- login -->
</testsuite> <!-- Test -->
